info it worked if it ends with ok
verbose cli [ 'node',
verbose cli   '/usr/local/bin/npm',
verbose cli   'install',
verbose cli   'foursquare' ]
info using npm@1.0.30
info using node@v0.4.12
verbose config file /Users/jianshi/.npmrc
verbose config file /usr/local/etc/npmrc
silly testEngine { author: '',
silly testEngine   name: '4sq-simple-search',
silly testEngine   description: '',
silly testEngine   version: '0.0.0',
silly testEngine   repository: { type: 'git', url: '' },
silly testEngine   engines: { node: '~v0.4.12' },
silly testEngine   dependencies: 
silly testEngine    { express: '2.4.6',
silly testEngine      ejs: '0.4.3',
silly testEngine      everyauth: '0.2.18',
silly testEngine      'node-foursquare': '0.1.3' },
silly testEngine   devDependencies: {},
silly testEngine   _npmJsonOpts: 
silly testEngine    { file: '/Users/jianshi/src/API-Examples/foursquare/node/4sq_simple_search/package.json',
silly testEngine      wscript: false,
silly testEngine      contributors: false,
silly testEngine      serverjs: true },
silly testEngine   _id: '4sq-simple-search@0.0.0',
silly testEngine   scripts: { start: 'node server.js' },
silly testEngine   _engineSupported: true,
silly testEngine   _npmVersion: '1.0.30',
silly testEngine   _nodeVersion: 'v0.4.12',
silly testEngine   _defaultsLoaded: true }
verbose caching /Users/jianshi/src/API-Examples/foursquare/node/4sq_simple_search/package.json
verbose loadDefaults 4sq-simple-search@0.0.0
silly testEngine { name: 'ejs',
silly testEngine   description: 'Embedded JavaScript templates',
silly testEngine   version: '0.4.3',
silly testEngine   author: 
silly testEngine    { name: 'TJ Holowaychuk',
silly testEngine      email: 'tj@vision-media.ca' },
silly testEngine   keywords: [ 'template', 'engine', 'ejs' ],
silly testEngine   main: './lib/ejs.js',
silly testEngine   _npmJsonOpts: 
silly testEngine    { file: '/Users/jianshi/src/API-Examples/foursquare/node/4sq_simple_search/node_modules/ejs/package.json',
silly testEngine      wscript: false,
silly testEngine      contributors: false,
silly testEngine      serverjs: false },
silly testEngine   _id: 'ejs@0.4.3',
silly testEngine   dependencies: {},
silly testEngine   devDependencies: {},
silly testEngine   engines: { node: '*' },
silly testEngine   _engineSupported: true,
silly testEngine   _npmVersion: '1.0.30',
silly testEngine   _nodeVersion: 'v0.4.12',
silly testEngine   _defaultsLoaded: true }
verbose caching /Users/jianshi/src/API-Examples/foursquare/node/4sq_simple_search/node_modules/ejs/package.json
verbose loadDefaults ejs@0.4.3
silly testEngine { name: 'everyauth',
silly testEngine   description: 'Auth solution (password, facebook, & more) for your node.js Connect & Express apps',
silly testEngine   version: '0.2.18',
silly testEngine   homepage: 'https://github.com/bnoguchi/everyauth/',
silly testEngine   repository: 
silly testEngine    { type: 'git',
silly testEngine      url: 'git://github.com/bnoguchi/everyauth.git' },
silly testEngine   author: 
silly testEngine    { name: 'Brian Noguchi',
silly testEngine      email: 'brian.noguchi@gmail.com',
silly testEngine      url: 'https://github.com/bnoguchi/' },
silly testEngine   keywords: 
silly testEngine    [ 'auth',
silly testEngine      'oauth',
silly testEngine      'password',
silly testEngine      'facebook',
silly testEngine      'openid',
silly testEngine      'twitter',
silly testEngine      'authorization',
silly testEngine      'authentication',
silly testEngine      'connect',
silly testEngine      'express' ],
silly testEngine   main: './index.js',
silly testEngine   directories: { lib: 'lib' },
silly testEngine   dependencies: 
silly testEngine    { oauth: '>=0.9.0',
silly testEngine      restler: '>=0.2.1',
silly testEngine      connect: '>=1.4.0',
silly testEngine      openid: '=0.1.8',
silly testEngine      xml2js: '>=0.1.7' },
silly testEngine   devDependencies: 
silly testEngine    { express: '>=2.3.10',
silly testEngine      jade: '>=0.12.1',
silly testEngine      tobi: '>=0.2.2',
silly testEngine      expresso: '>=0.8.1',
silly testEngine      should: '>=0.2.1' },
silly testEngine   engines: { node: '>=0.4.0' },
silly testEngine   _npmJsonOpts: 
silly testEngine    { file: '/Users/jianshi/src/API-Examples/foursquare/node/4sq_simple_search/node_modules/everyauth/package.json',
silly testEngine      wscript: false,
silly testEngine      contributors: false,
silly testEngine      serverjs: false },
silly testEngine   _id: 'everyauth@0.2.18',
silly testEngine   _engineSupported: true,
silly testEngine   _npmVersion: '1.0.30',
silly testEngine   _nodeVersion: 'v0.4.12',
silly testEngine   _defaultsLoaded: true }
verbose caching /Users/jianshi/src/API-Examples/foursquare/node/4sq_simple_search/node_modules/everyauth/package.json
verbose loadDefaults everyauth@0.2.18
silly testEngine { name: 'express',
silly testEngine   description: 'Sinatra inspired web development framework',
silly testEngine   version: '2.4.6',
silly testEngine   author: 
silly testEngine    { name: 'TJ Holowaychuk',
silly testEngine      email: 'tj@vision-media.ca' },
silly testEngine   contributors: 
silly testEngine    [ { name: 'TJ Holowaychuk',
silly testEngine        email: 'tj@vision-media.ca' },
silly testEngine      { name: 'Aaron Heckmann',
silly testEngine        email: 'aaron.heckmann+github@gmail.com' },
silly testEngine      { name: 'Ciaran Jessup', email: 'ciaranj@gmail.com' },
silly testEngine      { name: 'Guillermo Rauch', email: 'rauchg@gmail.com' } ],
silly testEngine   dependencies: 
silly testEngine    { connect: '>= 1.5.2 < 2.0.0',
silly testEngine      mime: '>= 0.0.1',
silly testEngine      qs: '>= 0.3.1' },
silly testEngine   devDependencies: 
silly testEngine    { 'connect-form': '0.2.1',
silly testEngine      ejs: '0.4.2',
silly testEngine      expresso: '0.7.2',
silly testEngine      hamljs: '0.5.1',
silly testEngine      jade: '0.11.0',
silly testEngine      stylus: '0.13.0',
silly testEngine      should: '0.2.1',
silly testEngine      'express-messages': '0.0.2',
silly testEngine      'node-markdown': '>= 0.0.1',
silly testEngine      'connect-redis': '>= 0.0.1' },
silly testEngine   keywords: [ 'framework', 'sinatra', 'web', 'rest', 'restful' ],
silly testEngine   repository: 
silly testEngine    { type: 'git',
silly testEngine      url: 'git://github.com/visionmedia/express.git' },
silly testEngine   main: 'index',
silly testEngine   bin: { express: './bin/express' },
silly testEngine   scripts: { test: 'make test', prepublish: 'npm prune' },
silly testEngine   engines: { node: '>= 0.4.1 < 0.5.0' },
silly testEngine   _npmJsonOpts: 
silly testEngine    { file: '/Users/jianshi/src/API-Examples/foursquare/node/4sq_simple_search/node_modules/express/package.json',
silly testEngine      wscript: false,
silly testEngine      contributors: false,
silly testEngine      serverjs: false },
silly testEngine   _id: 'express@2.4.6',
silly testEngine   _engineSupported: true,
silly testEngine   _npmVersion: '1.0.30',
silly testEngine   _nodeVersion: 'v0.4.12',
silly testEngine   _defaultsLoaded: true }
verbose caching /Users/jianshi/src/API-Examples/foursquare/node/4sq_simple_search/node_modules/express/package.json
verbose loadDefaults express@2.4.6
silly testEngine { name: 'node-foursquare',
silly testEngine   description: 'Fault-tolerant Foursquare API v2 wrapper for Node JS.',
silly testEngine   version: '0.1.3',
silly testEngine   main: 'index.js',
silly testEngine   keywords: [ 'node-foursquare', 'foursquare', '4sq' ],
silly testEngine   tags: [ 'node-foursquare', 'foursquare', '4sq' ],
silly testEngine   repository: 
silly testEngine    { type: 'git',
silly testEngine      url: 'git://github.com/clintandrewhall/node-foursquare.git' },
silly testEngine   bugs: { url: 'https://github.com/clintandrewhall/node-foursquare/issues' },
silly testEngine   licenses: 
silly testEngine    [ { type: 'MIT',
silly testEngine        url: 'http://github.com/clintandrewhall/node-foursquare/raw/master/LICENSE' } ],
silly testEngine   dependencies: { log4js: '0.3.x' },
silly testEngine   engines: { node: '>= 0.4.x' },
silly testEngine   homepage: 'https://github.com/clintandrewhall/node-foursquare',
silly testEngine   author: 
silly testEngine    { name: 'Clint Andrew Hall',
silly testEngine      url: 'http://www.clintandrewhall.com' },
silly testEngine   directories: { lib: './lib', doc: './doc' },
silly testEngine   scripts: { test: 'node test.js' },
silly testEngine   _npmJsonOpts: 
silly testEngine    { file: '/Users/jianshi/src/API-Examples/foursquare/node/4sq_simple_search/node_modules/node-foursquare/package.json',
silly testEngine      wscript: false,
silly testEngine      contributors: false,
silly testEngine      serverjs: false },
silly testEngine   _id: 'node-foursquare@0.1.3',
silly testEngine   devDependencies: {},
silly testEngine   _engineSupported: true,
silly testEngine   _npmVersion: '1.0.30',
silly testEngine   _nodeVersion: 'v0.4.12',
silly testEngine   _defaultsLoaded: true }
verbose caching /Users/jianshi/src/API-Examples/foursquare/node/4sq_simple_search/node_modules/node-foursquare/package.json
verbose loadDefaults node-foursquare@0.1.3
verbose from cache /Users/jianshi/src/API-Examples/foursquare/node/4sq_simple_search/package.json
verbose into /Users/jianshi/src/API-Examples/foursquare/node/4sq_simple_search [ 'foursquare' ]
verbose cache add foursquare
verbose cache add [ 'foursquare', null ]
silly cache add: name, spec, args [ undefined, 'foursquare', [ 'foursquare', null ] ]
verbose parsed url { pathname: 'foursquare', href: 'foursquare' }
info addNamed [ 'foursquare', '' ]
verbose addNamed [ null, '' ]
verbose GET foursquare
verbose raw, before any munging foursquare
verbose url resolving [ 'https://registry.npmjs.org/', './foursquare' ]
verbose url resolved https://registry.npmjs.org/foursquare
silly get cb [ 404,
silly get cb   { server: 'CouchDB/1.1.0 (Erlang OTP/R14B03)',
silly get cb     date: 'Thu, 20 Oct 2011 02:10:05 GMT',
silly get cb     'content-type': 'text/plain;charset=utf-8',
silly get cb     'content-length': '52',
silly get cb     'cache-control': 'must-revalidate' } ]
ERR! 404 'foursquare' is not in the npm registry.
ERR! 404 You should bug the author to publish it.
ERR! 404 Note that you can also install from a tarball or folder.
ERR! 
ERR! System Darwin 11.2.0
ERR! command "node" "/usr/local/bin/npm" "install" "foursquare"
ERR! cwd /Users/jianshi/src/API-Examples/foursquare/node/4sq_simple_search
ERR! node -v v0.4.12
ERR! npm -v 1.0.30
verbose exit [ 1, true ]
